<?xml version="1.0" encoding="UTF-8"?>
<!-- Generated by org.testng.reporters.JUnitReportReporter -->
<testsuite hostname="MSI" failures="0" tests="6" name="TestScripts.RegisterTest" time="37.151" errors="0" timestamp="2024-05-20T14:14:07 IST" skipped="0">
  <testcase classname="TestScripts.RegisterTest" name="register_001" time="5.941"/>
  <testcase classname="TestScripts.RegisterTest" name="register_001" time="5.481"/>
  <testcase classname="TestScripts.RegisterTest" name="register_001" time="5.731"/>
  <testcase classname="TestScripts.RegisterTest" name="register_001" time="5.462"/>
  <testcase classname="TestScripts.RegisterTest" name="register_001" time="7.728"/>
  <testcase classname="TestScripts.RegisterTest" name="register_001" time="6.808"/>
</testsuite> <!-- TestScripts.RegisterTest -->
